<?xml version="1.0" encoding="UTF-8"?>
<!-- Generated by org.testng.reporters.JUnitReportReporter -->
<testsuite hostname="DSKTP_HP_MEM" failures="0" tests="1" name="testRunner.TestNGTestRunner" time="16.993" errors="0" timestamp="2023-11-26T19:23:36 GMT+03:00" skipped="0">
  <testcase classname="testRunner.TestNGTestRunner" name="runScenario" time="16.993"/>
</testsuite> <!-- testRunner.TestNGTestRunner -->
